localhost/:1 [Intervention] Slow network is detected. See https://www.chromestatus.com/feature/5636954674692096 for more details. Fallback font will be used while loading: https://cdn.jsdelivr.net/npm/bootstrap-icons@1.8.0/font/fonts/bootstrap-icons.woff2?e2f6e48459d8b0f394eea57aba940179
main.js:1796 Security module initialized
main.js:1595 DOM Optimizer initialized
main.js:31 Initializing Site War application...
main.js:355 EventBus initialized
main.js:403 FormUI initialized
main.js:492 BattleUI initialized
main.js:772 ResultsUI initialized
main.js:1932 APIConnector initialized with optimizations
main.js:39 Site War application initialized successfully.
main.js:81 Form submitted with data: {site1: 'https://www.unipr.it', site2: 'https://www.unimore.it'}
main.js:101 Starting analysis for https://www.unipr.it vs https://www.unimore.it
main.js:1939 API call: POST /validate {site1: 'https://www.unipr.it', site2: 'https://www.unimore.it'}
main.js:1962 Fetching URL: /server/api/validate
main.js:1981 ===== API RESPONSE FROM /validate =====
main.js:1982 {"status":"success","data":{"url1":{"url":"https://www.unipr.it","valid":true,"reachable":true,"statusCode":200,"contentType":"text/html; charset=UTF-8","error":null},"url2":{"url":"https://www.unimore.it","valid":true,"reachable":true,"statusCode":200,"contentType":"text/html; charset=UTF-8","error":null},"comparison":{"relevant":true,"relevanceScore":80,"categories":["Università","Istruzione superiore"],"message":"È significativo confrontare www.unipr.it e www.unimore.it poiché entrambi sono siti di università italiane che mirano a fornire informazioni e servizi agli studenti e al personale accademico.","audience":"Studenti, docenti, personale accademico, potenziali studenti","focus_areas":["Performance","SEO","Struttura dei contenuti","User experience"]},"valid":true}}
main.js:1983 =======================================
main.js:1986 Parsed JSON response: {status: 'success', data: {…}}
main.js:114 URL validation successful
main.js:1939 API call: POST /analyze {site1: 'https://www.unipr.it', site2: 'https://www.unimore.it'}
main.js:1962 Fetching URL: /server/api/analyze
main.js:1981 ===== API RESPONSE FROM /analyze =====
main.js:1982 {"status":"success","data":{"status":"success","complete":true,"results":{"url1":"https://www.unipr.it","url2":"https://www.unimore.it","site1":{"metrics":{"performance":{"localMetrics":{"timeToFirstByte":754,"loadTime":5464,"domSize":1519,"resourceCount":41,"score":25,"pageSize":208009,"resourceBreakdown":{"scripts":17,"styles":2,"images":21,"fonts":0,"iframes":1,"other":0}},"pageSpeed":{"score":0,"dataAvailable":true,"metrics":[],"opportunities":[],"diagnostics":[]},"resourceHints":{"preload":0,"preconnect":0,"prefetch":0,"dnsPrefetch":0,"total":0,"score":0},"renderBlocking":{"scripts":5,"styles":2,"total":7,"score":40},"imageOptimization":{"total":21,"withLazyLoading":14,"withSrcset":0,"withSize":18,"withAlt":21,"score":57},"caching":{"hasCacheControl":false,"hasExpires":false,"hasETag":false,"hasLastModified":false,"maxAge":0,"score":0},"first_contentful_paint":754,"largest_contentful_paint":5464,"time_to_interactive":5464,"cumulative_layout_shift":0.1},"seo":{"metaTags":{"title":"Università degli studi di Parma","description":"L'Università degli Studi di Parma è un'università statale, fra le più antiche del mondo.","keywords":null,"robots":null,"viewport":"width=device-width, initial-scale=1, shrink-to-fit=no","ogTags":{"site_name":"Università degli studi di Parma","type":"website","url":"https://www.unipr.it/node/101064","title":"Università degli studi di Parma","description":"L'Università degli Studi di Parma è un'università statale, fra le più antiche del mondo.","image":"https://www.unipr.it/sites/default/files/styles/social_card/public/2022-06/social-card_0.jpg?itok=e-kswSf4","locale":"it"},"twitterTags":{"card":"summary_large_image","title":"Università degli studi di Parma","site":"@unipr","image":"https://www.unipr.it/sites/default/files/styles/social_card/public/2022-06/social-card_0.jpg?itok=e-kswSf4"},"count":21,"score":58,"titleLength":32,"descriptionLength":92},"headings":{"h1":["Università degli studi di Parma - Home page"],"h2":["Navigazione principale","Unipr4Life & PRISMA: aperte le iscrizioni ai tornei di calcio a 5, golf e padel","Calendario eventi","Servizi utili","Servizi in evidenza","Cerca i corsi di studio","Spotlight"],"h3":["28-29 aprile: all’Università di Parma Louis-Philippe Dalembert","28-30 aprile: filosofia, convegno dedicato alla figura e al pensiero di Hervaeus Natalis","Morte di Papa Francesco: il cordoglio del Rettore Paolo Martelli","Al via Imprese Aperte, l'Università tra i patrocinatori","“UNICORE”: prima laurea magistrale nell’ambito del progetto UNHCR per studentesse e studenti rifugiati","Quanta acqua si consuma nei giardini privati? L’Orto Botanico dell’Università lancia un progetto di citizen science","Rinnovo delle Rappresentanze Sindacali Unitarie: pubblicati i risultati","La Prof.ssa Silvia Bonardi in Senato su “I veri rischi del latte crudo”","Orientamento al lavoro: aperte le iscrizioni per “Labour Market Workshop”","Mercoledì 23 Aprile","Giovedì 24 Aprile","Venerdì 25 Aprile","Sabato 26 Aprile","Domenica 27 Aprile","Lunedì 28 Aprile","Martedì 29 Aprile","Mercoledì 30 Aprile","Giovedì 01 Maggio","Venerdì 02 Maggio","Sabato 03 Maggio","Domenica 04 Maggio","Lunedì 05 Maggio","Martedì 06 Maggio","Martedì 13 Maggio","Mercoledì 14 Maggio","Iscrizioni","Unipr4Life: l'Università di Parma per il ben-essere della comunità","Trasporti per dipendenti, studentesse e studenti","Tasse, contributi universitari e agevolazioni"],"h4":["Mostra \"Intorno ai ’70: ideologie, progetti, linguaggi nelle collezioni CSAC\"","Mostra \"Intorno ai ’70: ideologie, progetti, linguaggi nelle collezioni CSAC\"","Lezioni aperte di sociologia: “Di fronte alla diseguaglianza globale che aumenta” - \n\t\t\t\t\t\t\t\t\t\t\t\t\t\t\t\t\t\t\t\t\t\t\t\tTunisia: immaginari giovanili tra arte e futuro","Mostra \"Intorno ai ’70: ideologie, progetti, linguaggi nelle collezioni CSAC\"","Mostra \"Intorno ai ’70: ideologie, progetti, linguaggi nelle collezioni CSAC\"","Mostra \"Intorno ai ’70: ideologie, progetti, linguaggi nelle collezioni CSAC\"","Hervaeus Natalis's Philosophy of Knowledge","Hervaeus Natalis's Philosophy of Knowledge","Lezioni aperte nell'ambito dell'insegnamento Cambiamenti climatici","Conferenza di Louis-Philippe Dalembert \"Des murs frontaliers aux murs entre les humains: quelle stratégie esthétique?\"","Lezioni aperte di sociologia: “Di fronte alla diseguaglianza globale che aumenta” - \n\t\t\t\t\t\t\t\t\t\t\t\t\t\t\t\t\t\t\t\t\t\t\t\tAi confini della vulnerabilità","SCRIPTA. Laboratorio di educazione permanente alla scrittura - \n\t\t\t\t\t\t\t\t\t\t\t\t\t\t\t\t\t\t\t\t\t\t\t\tPUNTEGGIARE. Per riflettere sui “segni di senso” tra teoria e pratica didattica","Mostra \"Intorno ai ’70: ideologie, progetti, linguaggi nelle collezioni CSAC\"","Hervaeus Natalis's Philosophy of Knowledge","La formazione degli interpreti di LSF.  Qualche riflessioni sul processo formativo di una professione multiforme in Francia","Mostra \"Intorno ai ’70: ideologie, progetti, linguaggi nelle collezioni CSA
main.js:1983 =======================================
main.js:1986 Parsed JSON response: {status: 'success', data: {…}}data: {status: 'success', complete: true, results: {…}}complete: trueresults: {url1: 'https://www.unipr.it', url2: 'https://www.unimore.it', site1: {…}, site2: {…}, comparison: {…}, …}status: "success"[[Prototype]]: Objectstatus: "success"[[Prototype]]: Objectconstructor: ƒ Object()hasOwnProperty: ƒ hasOwnProperty()isPrototypeOf: ƒ isPrototypeOf()propertyIsEnumerable: ƒ propertyIsEnumerable()toLocaleString: ƒ toLocaleString()toString: ƒ toString()valueOf: ƒ valueOf()__defineGetter__: ƒ __defineGetter__()__defineSetter__: ƒ __defineSetter__()__lookupGetter__: ƒ __lookupGetter__()__lookupSetter__: ƒ __lookupSetter__()__proto__: (...)get __proto__: ƒ __proto__()set __proto__: ƒ __proto__()
main.js:135 Analysis response: {status: 'success', data: {…}}
main.js:155 Analysis completed successfully
main.js:281 === ANALYSIS RESULTS STRUCTURE ===
main.js:282 Chiavi principali: (11) ['url1', 'url2', 'site1', 'site2', 'comparison', 'metadata', 'winner', 'advantage', 'winMargin', 'victoryLevel', 'strengthAnalysis']0: "url1"1: "url2"2: "site1"3: "site2"4: "comparison"5: "metadata"6: "winner"7: "advantage"8: "winMargin"9: "victoryLevel"10: "strengthAnalysis"length: 11[[Prototype]]: Array(0)
main.js:283 Chiavi site1: (11) ['metrics', 'categories', 'performance', 'seo', 'security', 'technical', 'performanceScore', 'seoScore', 'securityScore', 'technicalScore', 'totalScore']
main.js:284 Chiavi site2: (11) ['metrics', 'categories', 'performance', 'seo', 'security', 'technical', 'performanceScore', 'seoScore', 'securityScore', 'technicalScore', 'totalScore']
main.js:285 Chiavi comparison: (7) ['metrics', 'categories', 'performance', 'seo', 'security', 'technical', 'statistics']0: "metrics"1: "categories"2: "performance"3: "seo"4: "security"5: "technical"6: "statistics"length: 7[[Prototype]]: Array(0)at: ƒ at()concat: ƒ concat()constructor: ƒ Array()copyWithin: ƒ copyWithin()entries: ƒ entries()every: ƒ every()fill: ƒ fill()filter: ƒ filter()find: ƒ find()findIndex: ƒ findIndex()findLast: ƒ findLast()findLastIndex: ƒ findLastIndex()flat: ƒ flat()flatMap: ƒ flatMap()forEach: ƒ forEach()includes: ƒ includes()indexOf: ƒ indexOf()join: ƒ join()keys: ƒ keys()lastIndexOf: ƒ lastIndexOf()length: 0map: ƒ map()pop: ƒ pop()push: ƒ push()reduce: ƒ reduce()reduceRight: ƒ reduceRight()reverse: ƒ reverse()shift: ƒ shift()slice: ƒ slice()some: ƒ some()sort: ƒ sort()splice: ƒ splice()toLocaleString: ƒ toLocaleString()toReversed: ƒ toReversed()toSorted: ƒ toSorted()toSpliced: ƒ toSpliced()toString: ƒ toString()unshift: ƒ unshift()values: ƒ values()with: ƒ with()Symbol(Symbol.iterator): ƒ values()Symbol(Symbol.unscopables): {at: true, copyWithin: true, entries: true, fill: true, find: true, …}[[Prototype]]: Object
main.js:286 ================================
main.js:882 Categoria performance: site1=17.2, site2=26
main.js:882 Categoria seo: site1=59.72, site2=52.76
main.js:882 Categoria security: site1=69.06, site2=71.83
main.js:882 Categoria technical: site1=50, site2=50
main.js:906 Punteggi totali: site1=47.36, site2=48.95
